<?xml version="1.0" encoding="UTF-8"?>
<testng-results total="2" passed="2" failed="0" skipped="0">
  <reporter-output>
  </reporter-output>
  <suite started-at="2023-06-06T08:51:58Z" name="Default suite" finished-at="2023-06-06T08:52:18Z" duration-ms="20056">
    <groups>
    </groups>
    <test started-at="2023-06-06T08:51:58Z" name="Default test" finished-at="2023-06-06T08:52:18Z" duration-ms="20056">
      <class name="com.example.demo.day7.day7_5">
        <test-method signature="Act()[pri:0, instance:com.example.demo.day7.day7_5@481ba2cf]" started-at="2023-06-06T14:21:58Z" name="Act" finished-at="2023-06-06T14:22:08Z" duration-ms="10417" status="PASS">
          <reporter-output>
          </reporter-output>
        </test-method> <!-- Act -->
        <test-method signature="verifyUrl()[pri:1, instance:com.example.demo.day7.day7_5@481ba2cf]" started-at="2023-06-06T14:22:08Z" name="verifyUrl" finished-at="2023-06-06T14:22:18Z" duration-ms="9631" status="PASS">
          <reporter-output>
          </reporter-output>
        </test-method> <!-- verifyUrl -->
      </class> <!-- com.example.demo.day7.day7_5 -->
    </test> <!-- Default test -->
  </suite> <!-- Default suite -->
</testng-results>
